# JRE version: OpenJDK Runtime Environment Temurin-21.0.9+10 (21.0.9+10) (build 21.0.9+10-LTS)
# Java VM: OpenJDK 64-Bit Server VM Temurin-21.0.9+10 (21.0.9+10-LTS, mixed mode, sharing, tiered, compressed oops, compressed class ptrs, parallel gc, windows-amd64)
GC Precious Log:
 CardTable entry size: 512
 CPUs: 8 total, 8 available
 Memory: 16039M
 Large Page Support: Disabled
 NUMA Support: Disabled
 Compressed Oops: Enabled (32-bit)
 Alignments: Space 512K, Generation 512K, Heap 2M
 Heap Min Capacity: 100M
 Heap Initial Capacity: 100M
 Heap Max Capacity: 2G
 Pre-touch: Disabled
 Parallel Workers: 8
Heap:
 PSYoungGen      total 11776K, used 3476K [0x00000000d5580000, 0x00000000d6380000, 0x0000000100000000)
  eden space 11264K, 29% used [0x00000000d5580000,0x00000000d58b5278,0x00000000d6080000)
  from space 512K, 37% used [0x00000000d6280000,0x00000000d62b0000,0x00000000d6300000)
  to   space 512K, 0% used [0x00000000d6300000,0x00000000d6300000,0x00000000d6380000)
 ParOldGen       total 275456K, used 275131K [0x0000000080000000, 0x0000000090d00000, 0x00000000d5580000)
  object space 275456K, 99% used [0x0000000080000000,0x0000000090caef60,0x0000000090d00000)
 Metaspace       used 110398K, committed 112384K, reserved 1179648K
  class space    used 10708K, committed 11648K, reserved 1048576K
GC Heap History (20 events):
Event: 35796.153 GC heap before
{Heap before GC invocations=16519 (full 22):
 PSYoungGen      total 12800K, used 11316K [0x00000000d5580000, 0x00000000d6400000, 0x0000000100000000)
  eden space 11264K, 93% used [0x00000000d5580000,0x00000000d5fcd1e8,0x00000000d6080000)
  from space 1536K, 50% used [0x00000000d6080000,0x00000000d6140020,0x00000000d6200000)
  to   space 1024K, 0% used [0x00000000d6300000,0x00000000d6300000,0x00000000d6400000)
 ParOldGen       total 272896K, used 272391K [0x0000000080000000, 0x0000000090a80000, 0x00000000d5580000)
  object space 272896K, 99% used [0x0000000080000000,0x0000000090a01c50,0x0000000090a80000)
 Metaspace       used 110353K, committed 112320K, reserved 1179648K
  class space    used 10708K, committed 11648K, reserved 1048576K
}
Event: 35796.158 GC heap after
{Heap after GC invocations=16519 (full 22):
 PSYoungGen      total 12288K, used 970K [0x00000000d5580000, 0x00000000d6400000, 0x0000000100000000)
  eden space 11264K, 0% used [0x00000000d5580000,0x00000000d5580000,0x00000000d6080000)
  from space 1024K, 94% used [0x00000000d6300000,0x00000000d63f2910,0x00000000d6400000)
  to   space 1024K, 0% used [0x00000000d6200000,0x00000000d6200000,0x00000000d6300000)
 ParOldGen       total 273408K, used 273013K [0x0000000080000000, 0x0000000090b00000, 0x00000000d5580000)
  object space 273408K, 99% used [0x0000000080000000,0x0000000090a9d430,0x0000000090b00000)
 Metaspace       used 110353K, committed 112320K, reserved 1179648K
  class space    used 10708K, committed 11648K, reserved 1048576K
}
Event: 35796.672 GC heap before
{Heap before GC invocations=16520 (full 22):
 PSYoungGen      total 12288K, used 12234K [0x00000000d5580000, 0x00000000d6400000, 0x0000000100000000)
  eden space 11264K, 100% used [0x00000000d5580000,0x00000000d6080000,0x00000000d6080000)
  from space 1024K, 94% used [0x00000000d6300000,0x00000000d63f2910,0x00000000d6400000)
  to   space 1024K, 0% used [0x00000000d6200000,0x00000000d6200000,0x00000000d6300000)
 ParOldGen       total 273408K, used 273013K [0x0000000080000000, 0x0000000090b00000, 0x00000000d5580000)
  object space 273408K, 99% used [0x0000000080000000,0x0000000090a9d430,0x0000000090b00000)
 Metaspace       used 110353K, committed 112320K, reserved 1179648K
  class space    used 10708K, committed 11648K, reserved 1048576K
}
Event: 35796.677 GC heap after
{Heap after GC invocations=16520 (full 22):
 PSYoungGen      total 12288K, used 1020K [0x00000000d5580000, 0x00000000d6580000, 0x0000000100000000)
  eden space 11264K, 0% used [0x00000000d5580000,0x00000000d5580000,0x00000000d6080000)
  from space 1024K, 99% used [0x00000000d6200000,0x00000000d62ff150,0x00000000d6300000)
  to   space 2560K, 0% used [0x00000000d6300000,0x00000000d6300000,0x00000000d6580000)
 ParOldGen       total 273920K, used 273900K [0x0000000080000000, 0x0000000090b80000, 0x00000000d5580000)
  object space 273920K, 99% used [0x0000000080000000,0x0000000090b7b228,0x0000000090b80000)
 Metaspace       used 110353K, committed 112320K, reserved 1179648K
  class space    used 10708K, committed 11648K, reserved 1048576K
}
Event: 36564.357 GC heap before
{Heap before GC invocations=16521 (full 22):
 PSYoungGen      total 12288K, used 12284K [0x00000000d5580000, 0x00000000d6580000, 0x0000000100000000)
  eden space 11264K, 100% used [0x00000000d5580000,0x00000000d6080000,0x00000000d6080000)
  from space 1024K, 99% used [0x00000000d6200000,0x00000000d62ff150,0x00000000d6300000)
  to   space 2560K, 0% used [0x00000000d6300000,0x00000000d6300000,0x00000000d6580000)
 ParOldGen       total 273920K, used 273900K [0x0000000080000000, 0x0000000090b80000, 0x00000000d5580000)
  object space 273920K, 99% used [0x0000000080000000,0x0000000090b7b228,0x0000000090b80000)
 Metaspace       used 110354K, committed 112320K, reserved 1179648K
  class space    used 10708K, committed 11648K, reserved 1048576K
}
Event: 36564.371 GC heap after
{Heap after GC invocations=16521 (full 22):
 PSYoungGen      total 11776K, used 320K [0x00000000d5580000, 0x00000000d6380000, 0x0000000100000000)
  eden space 11264K, 0% used [0x00000000d5580000,0x00000000d5580000,0x00000000d6080000)
  from space 512K, 62% used [0x00000000d6300000,0x00000000d6350000,0x00000000d6380000)
  to   space 1024K, 0% used [0x00000000d6180000,0x00000000d6180000,0x00000000d6280000)
 ParOldGen       total 274944K, used 274829K [0x0000000080000000, 0x0000000090c80000, 0x00000000d5580000)
  object space 274944K, 99% used [0x0000000080000000,0x0000000090c637e0,0x0000000090c80000)
 Metaspace       used 110354K, committed 112320K, reserved 1179648K
  class space    used 10708K, committed 11648K, reserved 1048576K
}
Event: 36580.873 GC heap before
{Heap before GC invocations=16522 (full 22):
 PSYoungGen      total 11776K, used 11584K [0x00000000d5580000, 0x00000000d6380000, 0x0000000100000000)
  eden space 11264K, 100% used [0x00000000d5580000,0x00000000d6080000,0x00000000d6080000)
  from space 512K, 62% used [0x00000000d6300000,0x00000000d6350000,0x00000000d6380000)
  to   space 1024K, 0% used [0x00000000d6180000,0x00000000d6180000,0x00000000d6280000)
 ParOldGen       total 274944K, used 274829K [0x0000000080000000, 0x0000000090c80000, 0x00000000d5580000)
  object space 274944K, 99% used [0x0000000080000000,0x0000000090c637e0,0x0000000090c80000)
 Metaspace       used 110358K, committed 112320K, reserved 1179648K
  class space    used 10708K, committed 11648K, reserved 1048576K
}
Event: 36580.876 GC heap after
{Heap after GC invocations=16522 (full 22):
 PSYoungGen      total 12288K, used 160K [0x00000000d5580000, 0x00000000d6380000, 0x0000000100000000)
  eden space 11264K, 0% used [0x00000000d5580000,0x00000000d5580000,0x00000000d6080000)
  from space 1024K, 15% used [0x00000000d6180000,0x00000000d61a8000,0x00000000d6280000)
  to   space 512K, 0% used [0x00000000d6300000,0x00000000d6300000,0x00000000d6380000)
 ParOldGen       total 275456K, used 275035K [0x0000000080000000, 0x0000000090d00000, 0x00000000d5580000)
  object space 275456K, 99% used [0x0000000080000000,0x0000000090c96f60,0x0000000090d00000)
 Metaspace       used 110358K, committed 112320K, reserved 1179648K
  class space    used 10708K, committed 11648K, reserved 1048576K
}
Event: 36592.520 GC heap before
{Heap before GC invocations=16523 (full 22):
 PSYoungGen      total 12288K, used 11424K [0x00000000d5580000, 0x00000000d6380000, 0x0000000100000000)
  eden space 11264K, 100% used [0x00000000d5580000,0x00000000d6080000,0x00000000d6080000)
  from space 1024K, 15% used [0x00000000d6180000,0x00000000d61a8000,0x00000000d6280000)
  to   space 512K, 0% used [0x00000000d6300000,0x00000000d6300000,0x00000000d6380000)
 ParOldGen       total 275456K, used 275035K [0x0000000080000000, 0x0000000090d00000, 0x00000000d5580000)
  object space 275456K, 99% used [0x0000000080000000,0x0000000090c96f60,0x0000000090d00000)
 Metaspace       used 110380K, committed 112384K, reserved 1179648K
  class space    used 10708K, committed 11648K, reserved 1048576K
}
Event: 36592.524 GC heap after
{Heap after GC invocations=16523 (full 22):
 PSYoungGen      total 11776K, used 256K [0x00000000d5580000, 0x00000000d6380000, 0x0000000100000000)
  eden space 11264K, 0% used [0x00000000d5580000,0x00000000d5580000,0x00000000d6080000)
  from space 512K, 50% used [0x00000000d6300000,0x00000000d6340000,0x00000000d6380000)
  to   space 512K, 0% used [0x00000000d6280000,0x00000000d6280000,0x00000000d6300000)
 ParOldGen       total 275456K, used 275043K [0x0000000080000000, 0x0000000090d00000, 0x00000000d5580000)
  object space 275456K, 99% used [0x0000000080000000,0x0000000090c98f60,0x0000000090d00000)
 Metaspace       used 110380K, committed 112384K, reserved 1179648K
  class space    used 10708K, committed 11648K, reserved 1048576K
}
Event: 36600.476 GC heap before
{Heap before GC invocations=16524 (full 22):
 PSYoungGen      total 11776K, used 11520K [0x00000000d5580000, 0x00000000d6380000, 0x0000000100000000)
  eden space 11264K, 100% used [0x00000000d5580000,0x00000000d6080000,0x00000000d6080000)
  from space 512K, 50% used [0x00000000d6300000,0x00000000d6340000,0x00000000d6380000)
  to   space 512K, 0% used [0x00000000d6280000,0x00000000d6280000,0x00000000d6300000)
 ParOldGen       total 275456K, used 275043K [0x0000000080000000, 0x0000000090d00000, 0x00000000d5580000)
  object space 275456K, 99% used [0x0000000080000000,0x0000000090c98f60,0x0000000090d00000)
 Metaspace       used 110381K, committed 112384K, reserved 1179648K
  class space    used 10708K, committed 11648K, reserved 1048576K
}
Event: 36600.480 GC heap after
{Heap after GC invocations=16524 (full 22):
 PSYoungGen      total 11776K, used 128K [0x00000000d5580000, 0x00000000d6380000, 0x0000000100000000)
  eden space 11264K, 0% used [0x00000000d5580000,0x00000000d5580000,0x00000000d6080000)
  from space 512K, 25% used [0x00000000d6280000,0x00000000d62a0000,0x00000000d6300000)
  to   space 512K, 0% used [0x00000000d6300000,0x00000000d6300000,0x00000000d6380000)
 ParOldGen       total 275456K, used 275059K [0x0000000080000000, 0x0000000090d00000, 0x00000000d5580000)
  object space 275456K, 99% used [0x0000000080000000,0x0000000090c9cf60,0x0000000090d00000)
 Metaspace       used 110381K, committed 112384K, reserved 1179648K
  class space    used 10708K, committed 11648K, reserved 1048576K
}
Event: 56521.999 GC heap before
{Heap before GC invocations=16525 (full 22):
 PSYoungGen      total 11776K, used 11392K [0x00000000d5580000, 0x00000000d6380000, 0x0000000100000000)
  eden space 11264K, 100% used [0x00000000d5580000,0x00000000d6080000,0x00000000d6080000)
  from space 512K, 25% used [0x00000000d6280000,0x00000000d62a0000,0x00000000d6300000)
  to   space 512K, 0% used [0x00000000d6300000,0x00000000d6300000,0x00000000d6380000)
 ParOldGen       total 275456K, used 275059K [0x0000000080000000, 0x0000000090d00000, 0x00000000d5580000)
  object space 275456K, 99% used [0x0000000080000000,0x0000000090c9cf60,0x0000000090d00000)
 Metaspace       used 110395K, committed 112384K, reserved 1179648K
  class space    used 10708K, committed 11648K, reserved 1048576K
}
Event: 56522.116 GC heap after
{Heap after GC invocations=16525 (full 22):
 PSYoungGen      total 11776K, used 128K [0x00000000d5580000, 0x00000000d6380000, 0x0000000100000000)
  eden space 11264K, 0% used [0x00000000d5580000,0x00000000d5580000,0x00000000d6080000)
  from space 512K, 25% used [0x00000000d6300000,0x00000000d6320000,0x00000000d6380000)
  to   space 512K, 0% used [0x00000000d6280000,0x00000000d6280000,0x00000000d6300000)
 ParOldGen       total 275456K, used 275067K [0x0000000080000000, 0x0000000090d00000, 0x00000000d5580000)
  object space 275456K, 99% used [0x0000000080000000,0x0000000090c9ef60,0x0000000090d00000)
 Metaspace       used 110395K, committed 112384K, reserved 1179648K
  class space    used 10708K, committed 11648K, reserved 1048576K
}
Event: 56603.974 GC heap before
{Heap before GC invocations=16526 (full 22):
 PSYoungGen      total 11776K, used 11392K [0x00000000d5580000, 0x00000000d6380000, 0x0000000100000000)
  eden space 11264K, 100% used [0x00000000d5580000,0x00000000d6080000,0x00000000d6080000)
  from space 512K, 25% used [0x00000000d6300000,0x00000000d6320000,0x00000000d6380000)
  to   space 512K, 0% used [0x00000000d6280000,0x00000000d6280000,0x00000000d6300000)
 ParOldGen       total 275456K, used 275067K [0x0000000080000000, 0x0000000090d00000, 0x00000000d5580000)
  object space 275456K, 99% used [0x0000000080000000,0x0000000090c9ef60,0x0000000090d00000)
 Metaspace       used 110395K, committed 112384K, reserved 1179648K
  class space    used 10708K, committed 11648K, reserved 1048576K
}
Event: 56603.984 GC heap after
{Heap after GC invocations=16526 (full 22):
 PSYoungGen      total 11776K, used 192K [0x00000000d5580000, 0x00000000d6380000, 0x0000000100000000)
  eden space 11264K, 0% used [0x00000000d5580000,0x00000000d5580000,0x00000000d6080000)
  from space 512K, 37% used [0x00000000d6280000,0x00000000d62b0000,0x00000000d6300000)
  to   space 512K, 0% used [0x00000000d6300000,0x00000000d6300000,0x00000000d6380000)
 ParOldGen       total 275456K, used 275083K [0x0000000080000000, 0x0000000090d00000, 0x00000000d5580000)
  object space 275456K, 99% used [0x0000000080000000,0x0000000090ca2f60,0x0000000090d00000)
 Metaspace       used 110395K, committed 112384K, reserved 1179648K
  class space    used 10708K, committed 11648K, reserved 1048576K
}
Event: 56620.937 GC heap before
{Heap before GC invocations=16527 (full 22):
 PSYoungGen      total 11776K, used 11456K [0x00000000d5580000, 0x00000000d6380000, 0x0000000100000000)
  eden space 11264K, 100% used [0x00000000d5580000,0x00000000d6080000,0x00000000d6080000)
  from space 512K, 37% used [0x00000000d6280000,0x00000000d62b0000,0x00000000d6300000)
  to   space 512K, 0% used [0x00000000d6300000,0x00000000d6300000,0x00000000d6380000)
 ParOldGen       total 275456K, used 275083K [0x0000000080000000, 0x0000000090d00000, 0x00000000d5580000)
  object space 275456K, 99% used [0x0000000080000000,0x0000000090ca2f60,0x0000000090d00000)
 Metaspace       used 110396K, committed 112384K, reserved 1179648K
  class space    used 10708K, committed 11648K, reserved 1048576K
}
Event: 56620.949 GC heap after
{Heap after GC invocations=16527 (full 22):
 PSYoungGen      total 11776K, used 128K [0x00000000d5580000, 0x00000000d6380000, 0x0000000100000000)
  eden space 11264K, 0% used [0x00000000d5580000,0x00000000d5580000,0x00000000d6080000)
  from space 512K, 25% used [0x00000000d6300000,0x00000000d6320000,0x00000000d6380000)
  to   space 512K, 0% used [0x00000000d6280000,0x00000000d6280000,0x00000000d6300000)
 ParOldGen       total 275456K, used 275099K [0x0000000080000000, 0x0000000090d00000, 0x00000000d5580000)
  object space 275456K, 99% used [0x0000000080000000,0x0000000090ca6f60,0x0000000090d00000)
 Metaspace       used 110396K, committed 112384K, reserved 1179648K
  class space    used 10708K, committed 11648K, reserved 1048576K
}
Event: 56648.846 GC heap before
{Heap before GC invocations=16528 (full 22):
 PSYoungGen      total 11776K, used 11392K [0x00000000d5580000, 0x00000000d6380000, 0x0000000100000000)
  eden space 11264K, 100% used [0x00000000d5580000,0x00000000d6080000,0x00000000d6080000)
  from space 512K, 25% used [0x00000000d6300000,0x00000000d6320000,0x00000000d6380000)
  to   space 512K, 0% used [0x00000000d6280000,0x00000000d6280000,0x00000000d6300000)
 ParOldGen       total 275456K, used 275099K [0x0000000080000000, 0x0000000090d00000, 0x00000000d5580000)
  object space 275456K, 99% used [0x0000000080000000,0x0000000090ca6f60,0x0000000090d00000)
 Metaspace       used 110398K, committed 112384K, reserved 1179648K
  class space    used 10708K, committed 11648K, reserved 1048576K
}
Event: 56648.851 GC heap after
{Heap after GC invocations=16528 (full 22):
 PSYoungGen      total 11776K, used 192K [0x00000000d5580000, 0x00000000d6380000, 0x0000000100000000)
  eden space 11264K, 0% used [0x00000000d5580000,0x00000000d5580000,0x00000000d6080000)
  from space 512K, 37% used [0x00000000d6280000,0x00000000d62b0000,0x00000000d6300000)
  to   space 512K, 0% used [0x00000000d6300000,0x00000000d6300000,0x00000000d6380000)
 ParOldGen       total 275456K, used 275131K [0x0000000080000000, 0x0000000090d00000, 0x00000000d5580000)
  object space 275456K, 99% used [0x0000000080000000,0x0000000090caef60,0x0000000090d00000)
 Metaspace       used 110398K, committed 112384K, reserved 1179648K
  class space    used 10708K, committed 11648K, reserved 1048576K
}

